<?xml version="1.0" encoding="UTF-8" ?>
<testsuite errors="2" failures="0" hostname="grayfoot.local" name="com.wm.ps.test.WmTestSuite" skipped="0" tests="2" time="83.699" timestamp="2021-08-31T16:55:53">
  <properties>
[...]
</properties>
  <testcase classname="com.wm.ps.test.WmTestCase" name="HelloWorld V1 Tester" time="0.057">
    <error message="greeting :Expected and actual objects don&apos;t match.: expected &lt;Hello Bob from node helloworld&gt; but was &lt;Hello Bob from node grayfoot.local&gt;" type="java.lang.AssertionError">java.lang.AssertionError: greeting :Expected and actual objects don&apos;t match.: expected &lt;Hello Bob from node helloworld&gt; but was &lt;Hello Bob from node grayfoot.local&gt;
	at com.wm.ps.test.WmAssert.assertIDataEquals(WmAssert.java:205)
	at com.wm.ps.test.WmAssert.assertEquals(WmAssert.java:75)
	at com.wm.ps.test.DefaultResultsValidator.assertValid(DefaultResultsValidator.java:168)
	at com.wm.ps.test.WmTestCase.runInvoke(WmTestCase.java:1242)
	at com.wm.ps.test.WmTestCase.runTest(WmTestCase.java:1152)
</error>
  </testcase>
  <testcase classname="com.wm.ps.test.WmTestCase" name="HelloWorld V2 Tester" time="83.629">
    <error message="com.wm.util.ServerException: java.lang.RuntimeException: com.wm.app.b2b.server.ServiceException: com.wm.app.b2b.server.ServiceException: com.wm.app.b2b.server.ServiceException: java.io.IOException: java.net.ConnectException: Operation timed out (Connection timed out)" type="com.wm.app.b2b.client.ServiceException">com.wm.app.b2b.server.ServiceException: com.wm.util.ServerException: java.lang.RuntimeException: com.wm.app.b2b.server.ServiceException: com.wm.app.b2b.server.ServiceException: com.wm.app.b2b.server.ServiceException: java.io.IOException: java.net.ConnectException: Operation timed out (Connection timed out)
	at com.jc.invoke.credentials.CredentialsInjector.process(CredentialsInjector.java:152)
	at com.wm.integrationlive.git.GitRemotePushProcessor.process(GitRemotePushProcessor.java:70)
	at wm.bci.internal.BciServiceInvokeNotifier.process(BciServiceInvokeNotifier.java:31)
	at com.wm.ps.serviceMock.ServiceInterceptor.process(ServiceInterceptor.java:360)
	at com.wm.app.b2b.server.util.tspace.ReservationProcessor.process(ReservationProcessor.java:39)
	at com.wm.app.b2b.server.invoke.StatisticsProcessor.process(StatisticsProcessor.java:53)
	at com.wm.app.b2b.server.invoke.ServiceCompletionImpl.process(ServiceCompletionImpl.java:243)
	at com.wm.app.b2b.server.invoke.ValidateProcessor.process(ValidateProcessor.java:49)
	at com.wm.app.b2b.server.invoke.PipelineProcessor.process(PipelineProcessor.java:171)
	at com.wm.app.b2b.server.ACLManager.process(ACLManager.java:339)
	at com.wm.app.b2b.server.invoke.DispatchProcessor.process(DispatchProcessor.java:33)
	at com.wm.app.b2b.server.AuditLogManager.process(AuditLogManager.java:394)
	at com.wm.app.b2b.server.invoke.InvokeManager.invoke(InvokeManager.java:629)
	at com.wm.app.b2b.server.invoke.InvokeManager.invoke(InvokeManager.java:434)
	at com.wm.app.b2b.server.invoke.InvokeManager.invoke(InvokeManager.java:392)
	at com.wm.app.b2b.server.ServiceManager.invoke(ServiceManager.java:260)
	at com.wm.app.b2b.server.comm.DefaultServerRequestHandler.handleMessage(DefaultServerRequestHandler.java:119)
	at com.wm.app.b2b.server.HTTPMessageHandler.process(HTTPMessageHandler.java:156)
	at com.wm.app.b2b.server.HTTPDispatch.handleRequest(HTTPDispatch.java:218)
	at com.wm.app.b2b.server.Dispatch.run(Dispatch.java:440)
	at com.wm.util.pool.PooledThread.run(PooledThread.java:127)
	at java.lang.Thread.run(Thread.java:748)
Caused by: com.wm.util.ServerException: java.lang.RuntimeException: com.wm.app.b2b.server.ServiceException: com.wm.app.b2b.server.ServiceException: com.wm.app.b2b.server.ServiceException: java.io.IOException: java.net.ConnectException: Operation timed out (Connection timed out)
	at com.wm.app.b2b.server.util.tspace.ReservationProcessor.process(ReservationProcessor.java:52)
	at com.wm.app.b2b.server.invoke.StatisticsProcessor.process(StatisticsProcessor.java:53)
	at com.wm.app.b2b.server.invoke.ServiceCompletionImpl.process(ServiceCompletionImpl.java:243)
	at com.wm.app.b2b.server.invoke.ValidateProcessor.process(ValidateProcessor.java:49)
	at com.wm.app.b2b.server.invoke.PipelineProcessor.process(PipelineProcessor.java:171)
	at com.wm.app.b2b.server.ACLManager.process(ACLManager.java:339)
	at com.wm.app.b2b.server.invoke.DispatchProcessor.process(DispatchProcessor.java:33)
	at com.wm.app.b2b.server.AuditLogManager.process(AuditLogManager.java:394)
	at com.wm.app.b2b.server.invoke.InvokeManager.invoke(InvokeManager.java:629)
	at com.wm.app.b2b.server.invoke.InvokeManager.invoke(InvokeManager.java:434)
	at com.wm.app.b2b.server.invoke.InvokeManager.invoke(InvokeManager.java:392)
	at com.wm.app.b2b.server.ServiceManager.invoke(ServiceManager.java:260)
	at com.wm.app.b2b.server.BaseService.invoke(BaseService.java:231)
	at com.wm.lang.flow.FlowInvoke.invoke(FlowInvoke.java:263)
	at com.wm.lang.flow.FlowState.invokeNode(FlowState.java:662)
	at com.wm.lang.flow.FlowState.step(FlowState.java:527)
	at com.wm.lang.flow.FlowState.invoke(FlowState.java:494)
	at com.wm.app.b2b.server.FlowSvcImpl.baseInvoke(FlowSvcImpl.java:1147)
	at com.wm.app.b2b.server.invoke.InvokeManager.process(InvokeManager.java:759)
	at com.jc.invoke.credentials.CredentialsInjector.process(CredentialsInjector.java:149)
Caused by: java.lang.RuntimeException: com.wm.app.b2b.server.ServiceException: com.wm.app.b2b.server.ServiceException: com.wm.app.b2b.server.ServiceException: java.io.IOException: java.net.ConnectException: Operation timed out (Connection timed out)
	at com.jc.invoke.credentials.CredentialsInjector.lambda$0(CredentialsInjector.java:130)
	at com.jc.invoke.credentials.Credentials.onAvailable(Credentials.java:31)
	at com.jc.invoke.credentials.CredentialsInjector.process(CredentialsInjector.java:92)
	at com.wm.integrationlive.git.GitRemotePushProcessor.process(GitRemotePushProcessor.java:70)
	at wm.bci.internal.BciServiceInvokeNotifier.process(BciServiceInvokeNotifier.java:31)
	at com.wm.ps.serviceMock.ServiceInterceptor.process(ServiceInterceptor.java:360)
	at com.wm.app.b2b.server.util.tspace.ReservationProcessor.process(ReservationProcessor.java:39)
Caused by: com.wm.app.b2b.server.ServiceException: com.wm.app.b2b.server.ServiceException: com.wm.app.b2b.server.ServiceException: java.io.IOException: java.net.ConnectException: Operation timed out (Connection timed out)
	at com.jc.invoke.credentials.CredentialsInjector.process(CredentialsInjector.java:152)
	at com.wm.integrationlive.git.GitRemotePushProcessor.process(GitRemotePushProcessor.java:70)
	at wm.bci.internal.BciServiceInvokeNotifier.process(BciServiceInvokeNotifier.java:31)
	at com.wm.ps.serviceMock.ServiceInterceptor.process(ServiceInterceptor.java:360)
	at com.wm.app.b2b.server.util.tspace.ReservationProcessor.process(ReservationProcessor.java:39)
	at com.wm.app.b2b.server.invoke.StatisticsProcessor.process(StatisticsProcessor.java:53)
	at com.wm.app.b2b.server.invoke.ServiceCompletionImpl.process(ServiceCompletionImpl.java:243)
	at com.wm.app.b2b.server.invoke.ValidateProcessor.process(ValidateProcessor.java:49)
	at com.wm.app.b2b.server.invoke.PipelineProcessor.process(PipelineProcessor.java:171)
	at com.wm.app.b2b.server.ACLManager.process(ACLManager.java:339)
	at com.wm.app.b2b.server.invoke.DispatchProcessor.process(DispatchProcessor.java:33)
	at com.wm.app.b2b.server.AuditLogManager.process(AuditLogManager.java:394)
	at com.wm.app.b2b.server.invoke.InvokeManager.invoke(InvokeManager.java:629)
	at com.wm.app.b2b.server.invoke.InvokeManager.invoke(InvokeManager.java:434)
	at com.wm.app.b2b.server.invoke.InvokeManager.invoke(InvokeManager.java:392)
	at com.wm.app.b2b.server.ServiceManager.invoke(ServiceManager.java:260)
	at com.wm.app.b2b.server.ServiceManager.invoke(ServiceManager.java:88)
	at com.wm.app.b2b.server.Service.doInvoke(Service.java:704)
	at com.wm.app.b2b.server.Service.doInvoke(Service.java:595)
	at com.jc.cyberark.VaultChecker.updateCredentials(VaultChecker.java:46)
	at com.jc.invoke.credentials.Credentials.updateCredentials(Credentials.java:40)
	at com.jc.invoke.credentials.ConnectionManager.update(ConnectionManager.java:58)
	at com.jc.invoke.credentials.CredentialsInjector.lambda$0(CredentialsInjector.java:113)
Caused by: com.wm.app.b2b.server.ServiceException: com.wm.app.b2b.server.ServiceException: java.io.IOException: java.net.ConnectException: Operation timed out (Connection timed out)
	at com.jc.invoke.credentials.CredentialsInjector.process(CredentialsInjector.java:152)
	at com.wm.integrationlive.git.GitRemotePushProcessor.process(GitRemotePushProcessor.java:70)
	at wm.bci.internal.BciServiceInvokeNotifier.process(BciServiceInvokeNotifier.java:31)
	at com.wm.ps.serviceMock.ServiceInterceptor.process(ServiceInterceptor.java:360)
	at com.wm.app.b2b.server.util.tspace.ReservationProcessor.process(ReservationProcessor.java:39)
	at com.wm.app.b2b.server.invoke.StatisticsProcessor.process(StatisticsProcessor.java:53)
	at com.wm.app.b2b.server.invoke.ServiceCompletionImpl.process(ServiceCompletionImpl.java:243)
	at com.wm.app.b2b.server.invoke.ValidateProcessor.process(ValidateProcessor.java:49)
	at com.wm.app.b2b.server.invoke.PipelineProcessor.process(PipelineProcessor.java:171)
	at com.wm.app.b2b.server.ACLManager.process(ACLManager.java:339)
	at com.wm.app.b2b.server.invoke.DispatchProcessor.process(DispatchProcessor.java:33)
	at com.wm.app.b2b.server.AuditLogManager.process(AuditLogManager.java:394)
	at com.wm.app.b2b.server.invoke.InvokeManager.invoke(InvokeManager.java:629)
	at com.wm.app.b2b.server.invoke.InvokeManager.invoke(InvokeManager.java:434)
	at com.wm.app.b2b.server.invoke.InvokeManager.invoke(InvokeManager.java:392)
	at com.wm.app.b2b.server.ServiceManager.invoke(ServiceManager.java:260)
	at com.wm.app.b2b.server.BaseService.invoke(BaseService.java:231)
	at com.wm.lang.flow.FlowInvoke.invoke(FlowInvoke.java:263)
	at com.wm.lang.flow.FlowState.invokeNode(FlowState.java:662)
	at com.wm.lang.flow.FlowState.step(FlowState.java:527)
	at com.wm.lang.flow.FlowState.invoke(FlowState.java:494)
	at com.wm.app.b2b.server.FlowSvcImpl.baseInvoke(FlowSvcImpl.java:1147)
	at com.wm.app.b2b.server.invoke.InvokeManager.process(InvokeManager.java:759)
	at com.jc.invoke.credentials.CredentialsInjector.process(CredentialsInjector.java:149)
Caused by: com.wm.app.b2b.server.ServiceException: java.io.IOException: java.net.ConnectException: Operation timed out (Connection timed out)
	at pub.clientimpl.http(clientimpl.java:2187)
	at com.wm.app.b2b.server.JavaService.baseInvoke(JavaService.java:404)
	at com.wm.app.b2b.server.invoke.InvokeManager.process(InvokeManager.java:759)
	at com.jc.invoke.credentials.CredentialsInjector.process(CredentialsInjector.java:149)
Caused by: java.io.IOException: java.net.ConnectException: Operation timed out (Connection timed out)
	at com.wm.ext.jsse.JSSESecureSocketFactory.newSocket(JSSESecureSocketFactory.java:547)
	at com.wm.ext.jsse.JSSESecureSocketFactory.createSocket(JSSESecureSocketFactory.java:941)
	at com.wm.ext.jsse.JSSESecureSocketFactory.createSocket(JSSESecureSocketFactory.java:467)
	at com.wm.net.socket.pool.SocketPool.getSocketWrapper(SocketPool.java:209)
	at com.wm.net.socket.pool.SocketPoolManager._getSocketWrapper(SocketPoolManager.java:159)
	at com.wm.net.socket.pool.SocketPoolManager.getSocketWrapper(SocketPoolManager.java:141)
	at com.wm.net.NetURLConnection.getSocket(NetURLConnection.java:985)
	at com.wm.net.NetURLConnection.openDirectConnection(NetURLConnection.java:963)
	at com.wm.net.NetURLConnection.connect(NetURLConnection.java:194)
	at com.wm.net.NetURLConnection.getInputStream(NetURLConnection.java:400)
	at com.wm.net.NetURLConnection.getInputStream(NetURLConnection.java:297)
	at com.wm.net.HttpContext.getFinalInputStream(HttpContext.java:1071)
	at com.wm.net.HttpContext.getInputStream(HttpContext.java:425)
	at com.wm.net.HttpContext.getInputStream(HttpContext.java:396)
	at com.wm.net.HttpContext.get(HttpContext.java:439)
	at com.wm.net.HttpContext.get(HttpContext.java:446)
	at pub.clientimpl.http(clientimpl.java:2025)
Caused by: java.net.ConnectException: Operation timed out (Connection timed out)
	at java.net.PlainSocketImpl.socketConnect(Native Method)
	at java.net.AbstractPlainSocketImpl.doConnect(AbstractPlainSocketImpl.java:350)
	at java.net.AbstractPlainSocketImpl.connectToAddress(AbstractPlainSocketImpl.java:206)
	at java.net.AbstractPlainSocketImpl.connect(AbstractPlainSocketImpl.java:188)
	at java.net.SocksSocketImpl.connect(SocksSocketImpl.java:392)
	at java.net.Socket.connect(Socket.java:607)
	at com.wm.ext.jsse.JSSESecureSocketFactory.newSocket(JSSESecureSocketFactory.java:502)
</error>
  </testcase>
  <system-out><![CDATA[]]></system-out>
  <system-err><![CDATA[com.wm.app.b2b.server.ServiceException: com.wm.util.ServerException: java.lang.RuntimeException: com.wm.app.b2b.server.ServiceException: com.wm.app.b2b.server.ServiceException: com.wm.app.b2b.server.ServiceException: java.io.IOException: java.net.ConnectException: Operation timed out (Connection timed out)
	at com.jc.invoke.credentials.CredentialsInjector.process(CredentialsInjector.java:152)
	at com.wm.integrationlive.git.GitRemotePushProcessor.process(GitRemotePushProcessor.java:70)
	at wm.bci.internal.BciServiceInvokeNotifier.process(BciServiceInvokeNotifier.java:31)
	at com.wm.ps.serviceMock.ServiceInterceptor.process(ServiceInterceptor.java:360)
	at com.wm.app.b2b.server.util.tspace.ReservationProcessor.process(ReservationProcessor.java:39)
	at com.wm.app.b2b.server.invoke.StatisticsProcessor.process(StatisticsProcessor.java:53)
	at com.wm.app.b2b.server.invoke.ServiceCompletionImpl.process(ServiceCompletionImpl.java:243)
	at com.wm.app.b2b.server.invoke.ValidateProcessor.process(ValidateProcessor.java:49)
	at com.wm.app.b2b.server.invoke.PipelineProcessor.process(PipelineProcessor.java:171)
	at com.wm.app.b2b.server.ACLManager.process(ACLManager.java:339)
	at com.wm.app.b2b.server.invoke.DispatchProcessor.process(DispatchProcessor.java:33)
	at com.wm.app.b2b.server.AuditLogManager.process(AuditLogManager.java:394)
	at com.wm.app.b2b.server.invoke.InvokeManager.invoke(InvokeManager.java:629)
	at com.wm.app.b2b.server.invoke.InvokeManager.invoke(InvokeManager.java:434)
	at com.wm.app.b2b.server.invoke.InvokeManager.invoke(InvokeManager.java:392)
	at com.wm.app.b2b.server.ServiceManager.invoke(ServiceManager.java:260)
	at com.wm.app.b2b.server.comm.DefaultServerRequestHandler.handleMessage(DefaultServerRequestHandler.java:119)
	at com.wm.app.b2b.server.HTTPMessageHandler.process(HTTPMessageHandler.java:156)
	at com.wm.app.b2b.server.HTTPDispatch.handleRequest(HTTPDispatch.java:218)
	at com.wm.app.b2b.server.Dispatch.run(Dispatch.java:440)
	at com.wm.util.pool.PooledThread.run(PooledThread.java:127)
	at java.lang.Thread.run(Thread.java:748)
Caused by: com.wm.util.ServerException: java.lang.RuntimeException: com.wm.app.b2b.server.ServiceException: com.wm.app.b2b.server.ServiceException: com.wm.app.b2b.server.ServiceException: java.io.IOException: java.net.ConnectException: Operation timed out (Connection timed out)
	at com.wm.app.b2b.server.util.tspace.ReservationProcessor.process(ReservationProcessor.java:52)
	at com.wm.app.b2b.server.invoke.StatisticsProcessor.process(StatisticsProcessor.java:53)
	at com.wm.app.b2b.server.invoke.ServiceCompletionImpl.process(ServiceCompletionImpl.java:243)
	at com.wm.app.b2b.server.invoke.ValidateProcessor.process(ValidateProcessor.java:49)
	at com.wm.app.b2b.server.invoke.PipelineProcessor.process(PipelineProcessor.java:171)
	at com.wm.app.b2b.server.ACLManager.process(ACLManager.java:339)
	at com.wm.app.b2b.server.invoke.DispatchProcessor.process(DispatchProcessor.java:33)
	at com.wm.app.b2b.server.AuditLogManager.process(AuditLogManager.java:394)
	at com.wm.app.b2b.server.invoke.InvokeManager.invoke(InvokeManager.java:629)
	at com.wm.app.b2b.server.invoke.InvokeManager.invoke(InvokeManager.java:434)
	at com.wm.app.b2b.server.invoke.InvokeManager.invoke(InvokeManager.java:392)
	at com.wm.app.b2b.server.ServiceManager.invoke(ServiceManager.java:260)
	at com.wm.app.b2b.server.BaseService.invoke(BaseService.java:231)
	at com.wm.lang.flow.FlowInvoke.invoke(FlowInvoke.java:263)
	at com.wm.lang.flow.FlowState.invokeNode(FlowState.java:662)
	at com.wm.lang.flow.FlowState.step(FlowState.java:527)
	at com.wm.lang.flow.FlowState.invoke(FlowState.java:494)
	at com.wm.app.b2b.server.FlowSvcImpl.baseInvoke(FlowSvcImpl.java:1147)
	at com.wm.app.b2b.server.invoke.InvokeManager.process(InvokeManager.java:759)
	at com.jc.invoke.credentials.CredentialsInjector.process(CredentialsInjector.java:149)
	... 21 more
Caused by: java.lang.RuntimeException: com.wm.app.b2b.server.ServiceException: com.wm.app.b2b.server.ServiceException: com.wm.app.b2b.server.ServiceException: java.io.IOException: java.net.ConnectException: Operation timed out (Connection timed out)
	at com.jc.invoke.credentials.CredentialsInjector.lambda$0(CredentialsInjector.java:130)
	at com.jc.invoke.credentials.Credentials.onAvailable(Credentials.java:31)
	at com.jc.invoke.credentials.CredentialsInjector.process(CredentialsInjector.java:92)
	at com.wm.integrationlive.git.GitRemotePushProcessor.process(GitRemotePushProcessor.java:70)
	at wm.bci.internal.BciServiceInvokeNotifier.process(BciServiceInvokeNotifier.java:31)
	at com.wm.ps.serviceMock.ServiceInterceptor.process(ServiceInterceptor.java:360)
	at com.wm.app.b2b.server.util.tspace.ReservationProcessor.process(ReservationProcessor.java:39)
	... 40 more
Caused by: com.wm.app.b2b.server.ServiceException: com.wm.app.b2b.server.ServiceException: com.wm.app.b2b.server.ServiceException: java.io.IOException: java.net.ConnectException: Operation timed out (Connection timed out)
	at com.jc.invoke.credentials.CredentialsInjector.process(CredentialsInjector.java:152)
	at com.wm.integrationlive.git.GitRemotePushProcessor.process(GitRemotePushProcessor.java:70)
	at wm.bci.internal.BciServiceInvokeNotifier.process(BciServiceInvokeNotifier.java:31)
	at com.wm.ps.serviceMock.ServiceInterceptor.process(ServiceInterceptor.java:360)
	at com.wm.app.b2b.server.util.tspace.ReservationProcessor.process(ReservationProcessor.java:39)
	at com.wm.app.b2b.server.invoke.StatisticsProcessor.process(StatisticsProcessor.java:53)
	at com.wm.app.b2b.server.invoke.ServiceCompletionImpl.process(ServiceCompletionImpl.java:243)
	at com.wm.app.b2b.server.invoke.ValidateProcessor.process(ValidateProcessor.java:49)
	at com.wm.app.b2b.server.invoke.PipelineProcessor.process(PipelineProcessor.java:171)
	at com.wm.app.b2b.server.ACLManager.process(ACLManager.java:339)
	at com.wm.app.b2b.server.invoke.DispatchProcessor.process(DispatchProcessor.java:33)
	at com.wm.app.b2b.server.AuditLogManager.process(AuditLogManager.java:394)
	at com.wm.app.b2b.server.invoke.InvokeManager.invoke(InvokeManager.java:629)
	at com.wm.app.b2b.server.invoke.InvokeManager.invoke(InvokeManager.java:434)
	at com.wm.app.b2b.server.invoke.InvokeManager.invoke(InvokeManager.java:392)
	at com.wm.app.b2b.server.ServiceManager.invoke(ServiceManager.java:260)
	at com.wm.app.b2b.server.ServiceManager.invoke(ServiceManager.java:88)
	at com.wm.app.b2b.server.Service.doInvoke(Service.java:704)
	at com.wm.app.b2b.server.Service.doInvoke(Service.java:595)
	at com.jc.cyberark.VaultChecker.updateCredentials(VaultChecker.java:46)
	at com.jc.invoke.credentials.Credentials.updateCredentials(Credentials.java:40)
	at com.jc.invoke.credentials.ConnectionManager.update(ConnectionManager.java:58)
	at com.jc.invoke.credentials.CredentialsInjector.lambda$0(CredentialsInjector.java:113)
	... 46 more
Caused by: com.wm.app.b2b.server.ServiceException: com.wm.app.b2b.server.ServiceException: java.io.IOException: java.net.ConnectException: Operation timed out (Connection timed out)
	at com.jc.invoke.credentials.CredentialsInjector.process(CredentialsInjector.java:152)
	at com.wm.integrationlive.git.GitRemotePushProcessor.process(GitRemotePushProcessor.java:70)
	at wm.bci.internal.BciServiceInvokeNotifier.process(BciServiceInvokeNotifier.java:31)
	at com.wm.ps.serviceMock.ServiceInterceptor.process(ServiceInterceptor.java:360)
	at com.wm.app.b2b.server.util.tspace.ReservationProcessor.process(ReservationProcessor.java:39)
	at com.wm.app.b2b.server.invoke.StatisticsProcessor.process(StatisticsProcessor.java:53)
	at com.wm.app.b2b.server.invoke.ServiceCompletionImpl.process(ServiceCompletionImpl.java:243)
	at com.wm.app.b2b.server.invoke.ValidateProcessor.process(ValidateProcessor.java:49)
	at com.wm.app.b2b.server.invoke.PipelineProcessor.process(PipelineProcessor.java:171)
	at com.wm.app.b2b.server.ACLManager.process(ACLManager.java:339)
	at com.wm.app.b2b.server.invoke.DispatchProcessor.process(DispatchProcessor.java:33)
	at com.wm.app.b2b.server.AuditLogManager.process(AuditLogManager.java:394)
	at com.wm.app.b2b.server.invoke.InvokeManager.invoke(InvokeManager.java:629)
	at com.wm.app.b2b.server.invoke.InvokeManager.invoke(InvokeManager.java:434)
	at com.wm.app.b2b.server.invoke.InvokeManager.invoke(InvokeManager.java:392)
	at com.wm.app.b2b.server.ServiceManager.invoke(ServiceManager.java:260)
	at com.wm.app.b2b.server.BaseService.invoke(BaseService.java:231)
	at com.wm.lang.flow.FlowInvoke.invoke(FlowInvoke.java:263)
	at com.wm.lang.flow.FlowState.invokeNode(FlowState.java:662)
	at com.wm.lang.flow.FlowState.step(FlowState.java:527)
	at com.wm.lang.flow.FlowState.invoke(FlowState.java:494)
	at com.wm.app.b2b.server.FlowSvcImpl.baseInvoke(FlowSvcImpl.java:1147)
	at com.wm.app.b2b.server.invoke.InvokeManager.process(InvokeManager.java:759)
	at com.jc.invoke.credentials.CredentialsInjector.process(CredentialsInjector.java:149)
	... 68 more
Caused by: com.wm.app.b2b.server.ServiceException: java.io.IOException: java.net.ConnectException: Operation timed out (Connection timed out)
	at pub.clientimpl.http(clientimpl.java:2187)
	at sun.reflect.NativeMethodAccessorImpl.invoke0(Native Method)
	at sun.reflect.NativeMethodAccessorImpl.invoke(NativeMethodAccessorImpl.java:62)
	at sun.reflect.DelegatingMethodAccessorImpl.invoke(DelegatingMethodAccessorImpl.java:43)
	at java.lang.reflect.Method.invoke(Method.java:498)
	at com.wm.app.b2b.server.JavaService.baseInvoke(JavaService.java:404)
	at com.wm.app.b2b.server.invoke.InvokeManager.process(InvokeManager.java:759)
	at com.jc.invoke.credentials.CredentialsInjector.process(CredentialsInjector.java:149)
	... 91 more
Caused by: java.io.IOException: java.net.ConnectException: Operation timed out (Connection timed out)
	at com.wm.ext.jsse.JSSESecureSocketFactory.newSocket(JSSESecureSocketFactory.java:547)
	at com.wm.ext.jsse.JSSESecureSocketFactory.createSocket(JSSESecureSocketFactory.java:941)
	at com.wm.ext.jsse.JSSESecureSocketFactory.createSocket(JSSESecureSocketFactory.java:467)
	at com.wm.net.socket.pool.SocketPool.getSocketWrapper(SocketPool.java:209)
	at com.wm.net.socket.pool.SocketPoolManager._getSocketWrapper(SocketPoolManager.java:159)
	at com.wm.net.socket.pool.SocketPoolManager.getSocketWrapper(SocketPoolManager.java:141)
	at com.wm.net.NetURLConnection.getSocket(NetURLConnection.java:985)
	at com.wm.net.NetURLConnection.openDirectConnection(NetURLConnection.java:963)
	at com.wm.net.NetURLConnection.connect(NetURLConnection.java:194)
	at com.wm.net.NetURLConnection.getInputStream(NetURLConnection.java:400)
	at com.wm.net.NetURLConnection.getInputStream(NetURLConnection.java:297)
	at com.wm.net.HttpContext.getFinalInputStream(HttpContext.java:1071)
	at com.wm.net.HttpContext.getInputStream(HttpContext.java:425)
	at com.wm.net.HttpContext.getInputStream(HttpContext.java:396)
	at com.wm.net.HttpContext.get(HttpContext.java:439)
	at com.wm.net.HttpContext.get(HttpContext.java:446)
	at pub.clientimpl.http(clientimpl.java:2025)
	... 98 more
Caused by: java.net.ConnectException: Operation timed out (Connection timed out)
	at java.net.PlainSocketImpl.socketConnect(Native Method)
	at java.net.AbstractPlainSocketImpl.doConnect(AbstractPlainSocketImpl.java:350)
	at java.net.AbstractPlainSocketImpl.connectToAddress(AbstractPlainSocketImpl.java:206)
	at java.net.AbstractPlainSocketImpl.connect(AbstractPlainSocketImpl.java:188)
	at java.net.SocksSocketImpl.connect(SocksSocketImpl.java:392)
	at java.net.Socket.connect(Socket.java:607)
	at com.wm.ext.jsse.JSSESecureSocketFactory.newSocket(JSSESecureSocketFactory.java:502)
	... 114 more
]]></system-err>
</testsuite>
